<?xml version="1.0" encoding="UTF-8"?>
<testng-results skipped="0" failed="0" total="3" passed="3">
  <reporter-output>
  </reporter-output>
  <suite name="Command line suite" duration-ms="105" started-at="2018-05-02T13:01:30Z" finished-at="2018-05-02T13:01:30Z">
    <groups>
    </groups>
    <test name="Command line test" duration-ms="105" started-at="2018-05-02T13:01:30Z" finished-at="2018-05-02T13:01:30Z">
      <class name="TriangleTest">
        <test-method status="PASS" signature="vaule()[pri:0, instance:TriangleTest@129a8472]" name="vaule" is-config="true" duration-ms="9" started-at="2018-05-02T21:01:30Z" finished-at="2018-05-02T21:01:30Z">
          <reporter-output>
          </reporter-output>
        </test-method> <!-- vaule -->
        <test-method status="PASS" signature="testDiffOfBorders()[pri:0, instance:TriangleTest@129a8472]" name="testDiffOfBorders" duration-ms="0" started-at="2018-05-02T21:01:30Z" finished-at="2018-05-02T21:01:30Z">
          <reporter-output>
          </reporter-output>
        </test-method> <!-- testDiffOfBorders -->
        <test-method status="PASS" signature="testGetType()[pri:0, instance:TriangleTest@129a8472]" name="testGetType" duration-ms="2" started-at="2018-05-02T21:01:30Z" finished-at="2018-05-02T21:01:30Z">
          <reporter-output>
          </reporter-output>
        </test-method> <!-- testGetType -->
        <test-method status="PASS" signature="vaule()[pri:0, instance:TriangleTest@129a8472]" name="vaule" is-config="true" duration-ms="0" started-at="2018-05-02T21:01:30Z" finished-at="2018-05-02T21:01:30Z">
          <reporter-output>
          </reporter-output>
        </test-method> <!-- vaule -->
        <test-method status="PASS" signature="vaule()[pri:0, instance:TriangleTest@129a8472]" name="vaule" is-config="true" duration-ms="0" started-at="2018-05-02T21:01:30Z" finished-at="2018-05-02T21:01:30Z">
          <reporter-output>
          </reporter-output>
        </test-method> <!-- vaule -->
        <test-method status="PASS" signature="testIsTriangle()[pri:0, instance:TriangleTest@129a8472]" name="testIsTriangle" duration-ms="0" started-at="2018-05-02T21:01:30Z" finished-at="2018-05-02T21:01:30Z">
          <reporter-output>
          </reporter-output>
        </test-method> <!-- testIsTriangle -->
      </class> <!-- TriangleTest -->
    </test> <!-- Command line test -->
  </suite> <!-- Command line suite -->
</testng-results>
