<?xml version="1.0" encoding="UTF-8"?>
<testng-results skipped="0" failed="0" total="4" passed="4">
  <reporter-output>
  </reporter-output>
  <suite name="testcase" duration-ms="68" started-at="2018-05-31T03:42:35Z" finished-at="2018-05-31T03:42:35Z">
    <groups>
    </groups>
    <test name="pp" duration-ms="68" started-at="2018-05-31T03:42:35Z" finished-at="2018-05-31T03:42:35Z">
      <class name="tt.NewTest">
        <test-method status="PASS" signature="f()[pri:0, instance:tt.NewTest@28d25987]" name="f" duration-ms="18" started-at="2018-05-31T11:42:35Z" finished-at="2018-05-31T11:42:35Z">
          <reporter-output>
          </reporter-output>
        </test-method> <!-- f -->
        <test-method status="PASS" signature="f1()[pri:0, instance:tt.NewTest@28d25987]" name="f1" duration-ms="5" started-at="2018-05-31T11:42:35Z" finished-at="2018-05-31T11:42:35Z">
          <reporter-output>
          </reporter-output>
        </test-method> <!-- f1 -->
        <test-method status="PASS" signature="f2()[pri:0, instance:tt.NewTest@28d25987]" name="f2" duration-ms="7" started-at="2018-05-31T11:42:35Z" finished-at="2018-05-31T11:42:35Z">
          <reporter-output>
          </reporter-output>
        </test-method> <!-- f2 -->
        <test-method status="PASS" signature="f3()[pri:0, instance:tt.NewTest@28d25987]" name="f3" duration-ms="6" started-at="2018-05-31T11:42:35Z" finished-at="2018-05-31T11:42:35Z">
          <reporter-output>
          </reporter-output>
        </test-method> <!-- f3 -->
      </class> <!-- tt.NewTest -->
    </test> <!-- pp -->
  </suite> <!-- testcase -->
</testng-results>
